<?xml version="1.0" encoding="UTF-8"?>
<testng-results skipped="0" failed="0" total="1" passed="1">
  <reporter-output>
  </reporter-output>
  <suite name="Surefire suite" duration-ms="12132" started-at="2019-04-24T11:53:56Z" finished-at="2019-04-24T11:54:09Z">
    <groups>
      <group name="cucumber">
        <method signature="AbstractTestNGCucumberTests.feature(cucumber.api.testng.CucumberFeatureWrapper)[pri:0, instance:Login01IT@694e1548]" name="feature" class="cucumber.api.testng.AbstractTestNGCucumberTests"/>
      </group> <!-- cucumber -->
    </groups>
    <test name="Surefire test" duration-ms="12132" started-at="2019-04-24T11:53:56Z" finished-at="2019-04-24T11:54:09Z">
      <class name="Login01IT">
        <test-method status="PASS" signature="setUpClass()[pri:0, instance:Login01IT@694e1548]" name="setUpClass" is-config="true" duration-ms="294" started-at="2019-04-24T07:53:56Z" finished-at="2019-04-24T07:53:57Z">
          <reporter-output>
          </reporter-output>
        </test-method> <!-- setUpClass -->
        <test-method status="PASS" signature="feature(cucumber.api.testng.CucumberFeatureWrapper)[pri:0, instance:Login01IT@694e1548]" name="feature" duration-ms="11723" started-at="2019-04-24T07:53:57Z" description="Runs Cucumber Feature" data-provider="features" finished-at="2019-04-24T07:54:09Z">
          <params>
            <param index="0">
              <value>
                <![CDATA[Login and Logout]]>
              </value>
            </param>
          </params>
          <reporter-output>
          </reporter-output>
        </test-method> <!-- feature -->
        <test-method status="PASS" signature="tearDownClass()[pri:0, instance:Login01IT@694e1548]" name="tearDownClass" is-config="true" duration-ms="19" started-at="2019-04-24T07:54:09Z" finished-at="2019-04-24T07:54:09Z">
          <reporter-output>
          </reporter-output>
        </test-method> <!-- tearDownClass -->
      </class> <!-- Login01IT -->
    </test> <!-- Surefire test -->
  </suite> <!-- Surefire suite -->
</testng-results>
